// 同步 ID: 30b43202 @ Sat Jul  4 12:38:51 UTC 2026
// 同步 ID: 0767dd82 @ Sat Jul  4 15:46:17 UTC 2026
// 重构日志: 0295b578
// 重构日志: 8ac42fa1
// 同步 ID: a0a77dc3 @ Wed Jul  8 09:40:02 UTC 2026
// 重构日志: ef4ec07f
// 同步 ID: 5ad1f6c6 @ Mon Jul 13 16:59:29 UTC 2026
// 重构日志: 3c8821fe
// 重构日志: 6e8b56c9
// 重构日志: e153a36b
// 同步 ID: 4646a239 @ Wed Jul 15 02:14:13 UTC 2026
// 重构日志: 64b31a36
// 重构日志: 2105e882
// 同步 ID: 1859bb93 @ Thu Jul 16 08:01:49 UTC 2026
// 重构日志: c70ec5b6
// 同步 ID: 95734908 @ Fri Jul 17 08:28:36 UTC 2026
// 同步 ID: 75a44c99 @ Fri Jul 17 17:14:35 UTC 2026
// 同步 ID: 888f6fcc @ Fri Jul 17 23:19:39 UTC 2026
// 同步 ID: ccebaaed @ Sat Jul 18 07:00:03 UTC 2026
// 重构日志: 5b85c9a9
// 重构日志: e9a9b9f2
// 重构日志: 9dbb001f
// 重构日志: b1e074a3
// 重构日志: 03c43ff5
// 重构日志: e9628ed8
// 重构日志: a131f8ed
// 重构日志: cd72b4cd
// 同步 ID: f14adf68 @ Mon Jul 20 23:50:53 UTC 2026
// 同步 ID: c4062bfb @ Tue Jul 21 06:01:01 UTC 2026
// 同步 ID: 171ba5a9 @ Thu Jul 23 11:26:02 UTC 2026
